<testsuites id="" name="" tests="8" failures="8" skipped="0" errors="0" time="18.683992">
<testsuite name="homepage.spec.ts" timestamp="2025-07-28T17:20:02.802Z" hostname="chromium" tests="8" failures="8" skipped="0" time="0.089" errors="0">
<testcase name="Homepage › should load and display main elements" classname="homepage.spec.ts" time="0.01">
<failure message="homepage.spec.ts:8:3 should load and display main elements" type="FAILURE">
<![CDATA[  [chromium] › homepage.spec.ts:8:3 › Homepage › should load and display main elements ─────────────

    Error: browserType.launch: Executable doesn't exist at /root/.cache/ms-playwright/chromium_headless_shell-1181/chrome-linux/headless_shell
    ╔═════════════════════════════════════════════════════════════════════════╗
    ║ Looks like Playwright Test or Playwright was just installed or updated. ║
    ║ Please run the following command to download new browsers:              ║
    ║                                                                         ║
    ║     npx playwright install                                              ║
    ║                                                                         ║
    ║ <3 Playwright Team                                                      ║
    ╚═════════════════════════════════════════════════════════════════════════╝

    Retry #1 ───────────────────────────────────────────────────────────────────────────────────────

    Error: browserType.launch: Executable doesn't exist at /root/.cache/ms-playwright/chromium_headless_shell-1181/chrome-linux/headless_shell
    ╔═════════════════════════════════════════════════════════════════════════╗
    ║ Looks like Playwright Test or Playwright was just installed or updated. ║
    ║ Please run the following command to download new browsers:              ║
    ║                                                                         ║
    ║     npx playwright install                                              ║
    ║                                                                         ║
    ║ <3 Playwright Team                                                      ║
    ╚═════════════════════════════════════════════════════════════════════════╝

    attachment #1: trace (application/zip) ─────────────────────────────────────────────────────────
    ../../test-results/homepage-Homepage-should-load-and-display-main-elements-chromium-retry1/trace.zip
    Usage:

        npx playwright show-trace ../../test-results/homepage-Homepage-should-load-and-display-main-elements-chromium-retry1/trace.zip

    ────────────────────────────────────────────────────────────────────────────────────────────────

    Retry #2 ───────────────────────────────────────────────────────────────────────────────────────

    Error: browserType.launch: Executable doesn't exist at /root/.cache/ms-playwright/chromium_headless_shell-1181/chrome-linux/headless_shell
    ╔═════════════════════════════════════════════════════════════════════════╗
    ║ Looks like Playwright Test or Playwright was just installed or updated. ║
    ║ Please run the following command to download new browsers:              ║
    ║                                                                         ║
    ║     npx playwright install                                              ║
    ║                                                                         ║
    ║ <3 Playwright Team                                                      ║
    ╚═════════════════════════════════════════════════════════════════════════╝
]]>
</failure>
<system-out>
<![CDATA[
[[ATTACHMENT|../test-results/homepage-Homepage-should-load-and-display-main-elements-chromium-retry1/trace.zip]]
]]>
</system-out>
</testcase>
<testcase name="Homepage › should navigate to shop page" classname="homepage.spec.ts" time="0.01">
<failure message="homepage.spec.ts:26:3 should navigate to shop page" type="FAILURE">
<![CDATA[  [chromium] › homepage.spec.ts:26:3 › Homepage › should navigate to shop page ─────────────────────

    Error: browserType.launch: Executable doesn't exist at /root/.cache/ms-playwright/chromium_headless_shell-1181/chrome-linux/headless_shell
    ╔═════════════════════════════════════════════════════════════════════════╗
    ║ Looks like Playwright Test or Playwright was just installed or updated. ║
    ║ Please run the following command to download new browsers:              ║
    ║                                                                         ║
    ║     npx playwright install                                              ║
    ║                                                                         ║
    ║ <3 Playwright Team                                                      ║
    ╚═════════════════════════════════════════════════════════════════════════╝

    Retry #1 ───────────────────────────────────────────────────────────────────────────────────────

    Error: browserType.launch: Executable doesn't exist at /root/.cache/ms-playwright/chromium_headless_shell-1181/chrome-linux/headless_shell
    ╔═════════════════════════════════════════════════════════════════════════╗
    ║ Looks like Playwright Test or Playwright was just installed or updated. ║
    ║ Please run the following command to download new browsers:              ║
    ║                                                                         ║
    ║     npx playwright install                                              ║
    ║                                                                         ║
    ║ <3 Playwright Team                                                      ║
    ╚═════════════════════════════════════════════════════════════════════════╝

    attachment #1: trace (application/zip) ─────────────────────────────────────────────────────────
    ../../test-results/homepage-Homepage-should-navigate-to-shop-page-chromium-retry1/trace.zip
    Usage:

        npx playwright show-trace ../../test-results/homepage-Homepage-should-navigate-to-shop-page-chromium-retry1/trace.zip

    ────────────────────────────────────────────────────────────────────────────────────────────────

    Retry #2 ───────────────────────────────────────────────────────────────────────────────────────

    Error: browserType.launch: Executable doesn't exist at /root/.cache/ms-playwright/chromium_headless_shell-1181/chrome-linux/headless_shell
    ╔═════════════════════════════════════════════════════════════════════════╗
    ║ Looks like Playwright Test or Playwright was just installed or updated. ║
    ║ Please run the following command to download new browsers:              ║
    ║                                                                         ║
    ║     npx playwright install                                              ║
    ║                                                                         ║
    ║ <3 Playwright Team                                                      ║
    ╚═════════════════════════════════════════════════════════════════════════╝
]]>
</failure>
<system-out>
<![CDATA[
[[ATTACHMENT|../test-results/homepage-Homepage-should-navigate-to-shop-page-chromium-retry1/trace.zip]]
]]>
</system-out>
</testcase>
<testcase name="Homepage › should display quick categories" classname="homepage.spec.ts" time="0.015">
<failure message="homepage.spec.ts:35:3 should display quick categories" type="FAILURE">
<![CDATA[  [chromium] › homepage.spec.ts:35:3 › Homepage › should display quick categories ──────────────────

    Error: browserType.launch: Executable doesn't exist at /root/.cache/ms-playwright/chromium_headless_shell-1181/chrome-linux/headless_shell
    ╔═════════════════════════════════════════════════════════════════════════╗
    ║ Looks like Playwright Test or Playwright was just installed or updated. ║
    ║ Please run the following command to download new browsers:              ║
    ║                                                                         ║
    ║     npx playwright install                                              ║
    ║                                                                         ║
    ║ <3 Playwright Team                                                      ║
    ╚═════════════════════════════════════════════════════════════════════════╝

    Retry #1 ───────────────────────────────────────────────────────────────────────────────────────

    Error: browserType.launch: Executable doesn't exist at /root/.cache/ms-playwright/chromium_headless_shell-1181/chrome-linux/headless_shell
    ╔═════════════════════════════════════════════════════════════════════════╗
    ║ Looks like Playwright Test or Playwright was just installed or updated. ║
    ║ Please run the following command to download new browsers:              ║
    ║                                                                         ║
    ║     npx playwright install                                              ║
    ║                                                                         ║
    ║ <3 Playwright Team                                                      ║
    ╚═════════════════════════════════════════════════════════════════════════╝

    attachment #1: trace (application/zip) ─────────────────────────────────────────────────────────
    ../../test-results/homepage-Homepage-should-display-quick-categories-chromium-retry1/trace.zip
    Usage:

        npx playwright show-trace ../../test-results/homepage-Homepage-should-display-quick-categories-chromium-retry1/trace.zip

    ────────────────────────────────────────────────────────────────────────────────────────────────

    Retry #2 ───────────────────────────────────────────────────────────────────────────────────────

    Error: browserType.launch: Executable doesn't exist at /root/.cache/ms-playwright/chromium_headless_shell-1181/chrome-linux/headless_shell
    ╔═════════════════════════════════════════════════════════════════════════╗
    ║ Looks like Playwright Test or Playwright was just installed or updated. ║
    ║ Please run the following command to download new browsers:              ║
    ║                                                                         ║
    ║     npx playwright install                                              ║
    ║                                                                         ║
    ║ <3 Playwright Team                                                      ║
    ╚═════════════════════════════════════════════════════════════════════════╝
]]>
</failure>
<system-out>
<![CDATA[
[[ATTACHMENT|../test-results/homepage-Homepage-should-display-quick-categories-chromium-retry1/trace.zip]]
]]>
</system-out>
</testcase>
<testcase name="Homepage › should display delivery options" classname="homepage.spec.ts" time="0.01">
<failure message="homepage.spec.ts:45:3 should display delivery options" type="FAILURE">
<![CDATA[  [chromium] › homepage.spec.ts:45:3 › Homepage › should display delivery options ──────────────────

    Error: browserType.launch: Executable doesn't exist at /root/.cache/ms-playwright/chromium_headless_shell-1181/chrome-linux/headless_shell
    ╔═════════════════════════════════════════════════════════════════════════╗
    ║ Looks like Playwright Test or Playwright was just installed or updated. ║
    ║ Please run the following command to download new browsers:              ║
    ║                                                                         ║
    ║     npx playwright install                                              ║
    ║                                                                         ║
    ║ <3 Playwright Team                                                      ║
    ╚═════════════════════════════════════════════════════════════════════════╝

    Retry #1 ───────────────────────────────────────────────────────────────────────────────────────

    Error: browserType.launch: Executable doesn't exist at /root/.cache/ms-playwright/chromium_headless_shell-1181/chrome-linux/headless_shell
    ╔═════════════════════════════════════════════════════════════════════════╗
    ║ Looks like Playwright Test or Playwright was just installed or updated. ║
    ║ Please run the following command to download new browsers:              ║
    ║                                                                         ║
    ║     npx playwright install                                              ║
    ║                                                                         ║
    ║ <3 Playwright Team                                                      ║
    ╚═════════════════════════════════════════════════════════════════════════╝

    attachment #1: trace (application/zip) ─────────────────────────────────────────────────────────
    ../../test-results/homepage-Homepage-should-display-delivery-options-chromium-retry1/trace.zip
    Usage:

        npx playwright show-trace ../../test-results/homepage-Homepage-should-display-delivery-options-chromium-retry1/trace.zip

    ────────────────────────────────────────────────────────────────────────────────────────────────

    Retry #2 ───────────────────────────────────────────────────────────────────────────────────────

    Error: browserType.launch: Executable doesn't exist at /root/.cache/ms-playwright/chromium_headless_shell-1181/chrome-linux/headless_shell
    ╔═════════════════════════════════════════════════════════════════════════╗
    ║ Looks like Playwright Test or Playwright was just installed or updated. ║
    ║ Please run the following command to download new browsers:              ║
    ║                                                                         ║
    ║     npx playwright install                                              ║
    ║                                                                         ║
    ║ <3 Playwright Team                                                      ║
    ╚═════════════════════════════════════════════════════════════════════════╝
]]>
</failure>
<system-out>
<![CDATA[
[[ATTACHMENT|../test-results/homepage-Homepage-should-display-delivery-options-chromium-retry1/trace.zip]]
]]>
</system-out>
</testcase>
<testcase name="Homepage › should be responsive on mobile" classname="homepage.spec.ts" time="0.011">
<failure message="homepage.spec.ts:57:3 should be responsive on mobile" type="FAILURE">
<![CDATA[  [chromium] › homepage.spec.ts:57:3 › Homepage › should be responsive on mobile ───────────────────

    Error: browserType.launch: Executable doesn't exist at /root/.cache/ms-playwright/chromium_headless_shell-1181/chrome-linux/headless_shell
    ╔═════════════════════════════════════════════════════════════════════════╗
    ║ Looks like Playwright Test or Playwright was just installed or updated. ║
    ║ Please run the following command to download new browsers:              ║
    ║                                                                         ║
    ║     npx playwright install                                              ║
    ║                                                                         ║
    ║ <3 Playwright Team                                                      ║
    ╚═════════════════════════════════════════════════════════════════════════╝

    Retry #1 ───────────────────────────────────────────────────────────────────────────────────────

    Error: browserType.launch: Executable doesn't exist at /root/.cache/ms-playwright/chromium_headless_shell-1181/chrome-linux/headless_shell
    ╔═════════════════════════════════════════════════════════════════════════╗
    ║ Looks like Playwright Test or Playwright was just installed or updated. ║
    ║ Please run the following command to download new browsers:              ║
    ║                                                                         ║
    ║     npx playwright install                                              ║
    ║                                                                         ║
    ║ <3 Playwright Team                                                      ║
    ╚═════════════════════════════════════════════════════════════════════════╝

    attachment #1: trace (application/zip) ─────────────────────────────────────────────────────────
    ../../test-results/homepage-Homepage-should-be-responsive-on-mobile-chromium-retry1/trace.zip
    Usage:

        npx playwright show-trace ../../test-results/homepage-Homepage-should-be-responsive-on-mobile-chromium-retry1/trace.zip

    ────────────────────────────────────────────────────────────────────────────────────────────────

    Retry #2 ───────────────────────────────────────────────────────────────────────────────────────

    Error: browserType.launch: Executable doesn't exist at /root/.cache/ms-playwright/chromium_headless_shell-1181/chrome-linux/headless_shell
    ╔═════════════════════════════════════════════════════════════════════════╗
    ║ Looks like Playwright Test or Playwright was just installed or updated. ║
    ║ Please run the following command to download new browsers:              ║
    ║                                                                         ║
    ║     npx playwright install                                              ║
    ║                                                                         ║
    ║ <3 Playwright Team                                                      ║
    ╚═════════════════════════════════════════════════════════════════════════╝
]]>
</failure>
<system-out>
<![CDATA[
[[ATTACHMENT|../test-results/homepage-Homepage-should-be-responsive-on-mobile-chromium-retry1/trace.zip]]
]]>
</system-out>
</testcase>
<testcase name="Homepage › should handle location change" classname="homepage.spec.ts" time="0.011">
<failure message="homepage.spec.ts:74:3 should handle location change" type="FAILURE">
<![CDATA[  [chromium] › homepage.spec.ts:74:3 › Homepage › should handle location change ────────────────────

    Error: browserType.launch: Executable doesn't exist at /root/.cache/ms-playwright/chromium_headless_shell-1181/chrome-linux/headless_shell
    ╔═════════════════════════════════════════════════════════════════════════╗
    ║ Looks like Playwright Test or Playwright was just installed or updated. ║
    ║ Please run the following command to download new browsers:              ║
    ║                                                                         ║
    ║     npx playwright install                                              ║
    ║                                                                         ║
    ║ <3 Playwright Team                                                      ║
    ╚═════════════════════════════════════════════════════════════════════════╝

    Retry #1 ───────────────────────────────────────────────────────────────────────────────────────

    Error: browserType.launch: Executable doesn't exist at /root/.cache/ms-playwright/chromium_headless_shell-1181/chrome-linux/headless_shell
    ╔═════════════════════════════════════════════════════════════════════════╗
    ║ Looks like Playwright Test or Playwright was just installed or updated. ║
    ║ Please run the following command to download new browsers:              ║
    ║                                                                         ║
    ║     npx playwright install                                              ║
    ║                                                                         ║
    ║ <3 Playwright Team                                                      ║
    ╚═════════════════════════════════════════════════════════════════════════╝

    attachment #1: trace (application/zip) ─────────────────────────────────────────────────────────
    ../../test-results/homepage-Homepage-should-handle-location-change-chromium-retry1/trace.zip
    Usage:

        npx playwright show-trace ../../test-results/homepage-Homepage-should-handle-location-change-chromium-retry1/trace.zip

    ────────────────────────────────────────────────────────────────────────────────────────────────

    Retry #2 ───────────────────────────────────────────────────────────────────────────────────────

    Error: browserType.launch: Executable doesn't exist at /root/.cache/ms-playwright/chromium_headless_shell-1181/chrome-linux/headless_shell
    ╔═════════════════════════════════════════════════════════════════════════╗
    ║ Looks like Playwright Test or Playwright was just installed or updated. ║
    ║ Please run the following command to download new browsers:              ║
    ║                                                                         ║
    ║     npx playwright install                                              ║
    ║                                                                         ║
    ║ <3 Playwright Team                                                      ║
    ╚═════════════════════════════════════════════════════════════════════════╝
]]>
</failure>
<system-out>
<![CDATA[
[[ATTACHMENT|../test-results/homepage-Homepage-should-handle-location-change-chromium-retry1/trace.zip]]
]]>
</system-out>
</testcase>
<testcase name="Homepage › should display statistics correctly" classname="homepage.spec.ts" time="0.011">
<failure message="homepage.spec.ts:94:3 should display statistics correctly" type="FAILURE">
<![CDATA[  [chromium] › homepage.spec.ts:94:3 › Homepage › should display statistics correctly ──────────────

    Error: browserType.launch: Executable doesn't exist at /root/.cache/ms-playwright/chromium_headless_shell-1181/chrome-linux/headless_shell
    ╔═════════════════════════════════════════════════════════════════════════╗
    ║ Looks like Playwright Test or Playwright was just installed or updated. ║
    ║ Please run the following command to download new browsers:              ║
    ║                                                                         ║
    ║     npx playwright install                                              ║
    ║                                                                         ║
    ║ <3 Playwright Team                                                      ║
    ╚═════════════════════════════════════════════════════════════════════════╝

    Retry #1 ───────────────────────────────────────────────────────────────────────────────────────

    Error: browserType.launch: Executable doesn't exist at /root/.cache/ms-playwright/chromium_headless_shell-1181/chrome-linux/headless_shell
    ╔═════════════════════════════════════════════════════════════════════════╗
    ║ Looks like Playwright Test or Playwright was just installed or updated. ║
    ║ Please run the following command to download new browsers:              ║
    ║                                                                         ║
    ║     npx playwright install                                              ║
    ║                                                                         ║
    ║ <3 Playwright Team                                                      ║
    ╚═════════════════════════════════════════════════════════════════════════╝

    attachment #1: trace (application/zip) ─────────────────────────────────────────────────────────
    ../../test-results/homepage-Homepage-should-display-statistics-correctly-chromium-retry1/trace.zip
    Usage:

        npx playwright show-trace ../../test-results/homepage-Homepage-should-display-statistics-correctly-chromium-retry1/trace.zip

    ────────────────────────────────────────────────────────────────────────────────────────────────

    Retry #2 ───────────────────────────────────────────────────────────────────────────────────────

    Error: browserType.launch: Executable doesn't exist at /root/.cache/ms-playwright/chromium_headless_shell-1181/chrome-linux/headless_shell
    ╔═════════════════════════════════════════════════════════════════════════╗
    ║ Looks like Playwright Test or Playwright was just installed or updated. ║
    ║ Please run the following command to download new browsers:              ║
    ║                                                                         ║
    ║     npx playwright install                                              ║
    ║                                                                         ║
    ║ <3 Playwright Team                                                      ║
    ╚═════════════════════════════════════════════════════════════════════════╝
]]>
</failure>
<system-out>
<![CDATA[
[[ATTACHMENT|../test-results/homepage-Homepage-should-display-statistics-correctly-chromium-retry1/trace.zip]]
]]>
</system-out>
</testcase>
<testcase name="Homepage › should load without accessibility violations" classname="homepage.spec.ts" time="0.011">
<failure message="homepage.spec.ts:105:3 should load without accessibility violations" type="FAILURE">
<![CDATA[  [chromium] › homepage.spec.ts:105:3 › Homepage › should load without accessibility violations ────

    Error: browserType.launch: Executable doesn't exist at /root/.cache/ms-playwright/chromium_headless_shell-1181/chrome-linux/headless_shell
    ╔═════════════════════════════════════════════════════════════════════════╗
    ║ Looks like Playwright Test or Playwright was just installed or updated. ║
    ║ Please run the following command to download new browsers:              ║
    ║                                                                         ║
    ║     npx playwright install                                              ║
    ║                                                                         ║
    ║ <3 Playwright Team                                                      ║
    ╚═════════════════════════════════════════════════════════════════════════╝

    Retry #1 ───────────────────────────────────────────────────────────────────────────────────────

    Error: browserType.launch: Executable doesn't exist at /root/.cache/ms-playwright/chromium_headless_shell-1181/chrome-linux/headless_shell
    ╔═════════════════════════════════════════════════════════════════════════╗
    ║ Looks like Playwright Test or Playwright was just installed or updated. ║
    ║ Please run the following command to download new browsers:              ║
    ║                                                                         ║
    ║     npx playwright install                                              ║
    ║                                                                         ║
    ║ <3 Playwright Team                                                      ║
    ╚═════════════════════════════════════════════════════════════════════════╝

    attachment #1: trace (application/zip) ─────────────────────────────────────────────────────────
    ../../test-results/homepage-Homepage-should-l-9efc4-ut-accessibility-violations-chromium-retry1/trace.zip
    Usage:

        npx playwright show-trace ../../test-results/homepage-Homepage-should-l-9efc4-ut-accessibility-violations-chromium-retry1/trace.zip

    ────────────────────────────────────────────────────────────────────────────────────────────────

    Retry #2 ───────────────────────────────────────────────────────────────────────────────────────

    Error: browserType.launch: Executable doesn't exist at /root/.cache/ms-playwright/chromium_headless_shell-1181/chrome-linux/headless_shell
    ╔═════════════════════════════════════════════════════════════════════════╗
    ║ Looks like Playwright Test or Playwright was just installed or updated. ║
    ║ Please run the following command to download new browsers:              ║
    ║                                                                         ║
    ║     npx playwright install                                              ║
    ║                                                                         ║
    ║ <3 Playwright Team                                                      ║
    ╚═════════════════════════════════════════════════════════════════════════╝
]]>
</failure>
<system-out>
<![CDATA[
[[ATTACHMENT|../test-results/homepage-Homepage-should-l-9efc4-ut-accessibility-violations-chromium-retry1/trace.zip]]
]]>
</system-out>
</testcase>
</testsuite>
</testsuites>